<?xml version="1.0" encoding="UTF-8"?>
<testng-results ignored="0" total="1" passed="1" failed="0" skipped="0">
  <reporter-output>
  </reporter-output>
  <suite started-at="2022-04-05T21:48:51 CST" name="SampleSuite" finished-at="2022-04-05T21:49:12 CST" duration-ms="21142">
    <groups>
      <group name="cucumber">
        <method signature="AbstractTestNGCucumberTests.feature(cucumber.api.testng.CucumberFeatureWrapper)[pri:0, instance:com.framework.testrunner.sample.Sample_SearchNameRunner@196a42c3]" name="feature" class="cucumber.api.testng.AbstractTestNGCucumberTests"/>
      </group> <!-- cucumber -->
    </groups>
    <test started-at="2022-04-05T21:48:51 CST" name="SampleSuite" finished-at="2022-04-05T21:49:12 CST" duration-ms="21142">
      <class name="com.framework.testrunner.sample.Sample_SearchNameRunner">
        <test-method is-config="true" signature="setUpClass()[pri:0, instance:com.framework.testrunner.sample.Sample_SearchNameRunner@196a42c3]" started-at="2022-04-05T21:48:51 CST" name="setUpClass" finished-at="2022-04-05T21:48:52 CST" duration-ms="609" status="PASS">
          <reporter-output>
          </reporter-output>
        </test-method> <!-- setUpClass -->
        <test-method signature="feature(cucumber.api.testng.CucumberFeatureWrapper)[pri:0, instance:com.framework.testrunner.sample.Sample_SearchNameRunner@196a42c3]" started-at="2022-04-05T21:48:52 CST" name="feature" description="Runs Cucumber Feature" data-provider="features" finished-at="2022-04-05T21:49:10 CST" duration-ms="18297" status="PASS">
          <params>
            <param index="0">
              <value>
                <![CDATA[Search]]>
              </value>
            </param>
          </params>
          <reporter-output>
          </reporter-output>
        </test-method> <!-- feature -->
        <test-method is-config="true" signature="afterClass()[pri:0, instance:com.framework.testrunner.sample.Sample_SearchNameRunner@196a42c3]" started-at="2022-04-05T21:49:10 CST" name="afterClass" finished-at="2022-04-05T21:49:11 CST" duration-ms="1040" status="PASS">
          <reporter-output>
          </reporter-output>
        </test-method> <!-- afterClass -->
        <test-method is-config="true" signature="tearDownClass()[pri:0, instance:com.framework.testrunner.sample.Sample_SearchNameRunner@196a42c3]" started-at="2022-04-05T21:49:11 CST" name="tearDownClass" finished-at="2022-04-05T21:49:12 CST" duration-ms="970" status="PASS">
          <reporter-output>
          </reporter-output>
        </test-method> <!-- tearDownClass -->
      </class> <!-- com.framework.testrunner.sample.Sample_SearchNameRunner -->
    </test> <!-- SampleSuite -->
  </suite> <!-- SampleSuite -->
</testng-results>
