<?xml version="1.0" encoding="UTF-8"?>
<testng-results skipped="0" failed="0" ignored="0" total="1" passed="1">
  <reporter-output>
  </reporter-output>
  <suite name="Default suite" duration-ms="20868" started-at="2021-09-28T08:18:19 CST" finished-at="2021-09-28T08:18:40 CST">
    <groups>
      <group name="cucumber">
        <method signature="AbstractTestNGCucumberTests.feature(cucumber.api.testng.CucumberFeatureWrapper)[pri:0, instance:com.framework.testrunner.sample.Sample_SearchNameRunner@14ec4505]" name="feature" class="cucumber.api.testng.AbstractTestNGCucumberTests"/>
      </group> <!-- cucumber -->
    </groups>
    <test name="Default test" duration-ms="20868" started-at="2021-09-28T08:18:19 CST" finished-at="2021-09-28T08:18:40 CST">
      <class name="com.framework.testrunner.sample.Sample_SearchNameRunner">
        <test-method status="PASS" signature="setUpClass()[pri:0, instance:com.framework.testrunner.sample.Sample_SearchNameRunner@14ec4505]" name="setUpClass" is-config="true" duration-ms="285" started-at="2021-09-28T08:18:19 CST" finished-at="2021-09-28T08:18:19 CST">
          <reporter-output>
          </reporter-output>
        </test-method> <!-- setUpClass -->
        <test-method status="PASS" signature="beforeClass()[pri:0, instance:com.framework.testrunner.sample.Sample_SearchNameRunner@14ec4505]" name="beforeClass" is-config="true" duration-ms="5" started-at="2021-09-28T08:18:19 CST" finished-at="2021-09-28T08:18:19 CST">
          <reporter-output>
          </reporter-output>
        </test-method> <!-- beforeClass -->
        <test-method status="PASS" signature="feature(cucumber.api.testng.CucumberFeatureWrapper)[pri:0, instance:com.framework.testrunner.sample.Sample_SearchNameRunner@14ec4505]" name="feature" duration-ms="18056" started-at="2021-09-28T08:18:20 CST" description="Runs Cucumber Feature" data-provider="features" finished-at="2021-09-28T08:18:38 CST">
          <params>
            <param index="0">
              <value>
                <![CDATA[Search]]>
              </value>
            </param>
          </params>
          <reporter-output>
          </reporter-output>
        </test-method> <!-- feature -->
        <test-method status="PASS" signature="tearDownClass()[pri:0, instance:com.framework.testrunner.sample.Sample_SearchNameRunner@14ec4505]" name="tearDownClass" is-config="true" duration-ms="415" started-at="2021-09-28T08:18:38 CST" finished-at="2021-09-28T08:18:38 CST">
          <reporter-output>
          </reporter-output>
        </test-method> <!-- tearDownClass -->
        <test-method status="PASS" signature="afterClass()[pri:0, instance:com.framework.testrunner.sample.Sample_SearchNameRunner@14ec4505]" name="afterClass" is-config="true" duration-ms="1952" started-at="2021-09-28T08:18:38 CST" finished-at="2021-09-28T08:18:40 CST">
          <reporter-output>
          </reporter-output>
        </test-method> <!-- afterClass -->
      </class> <!-- com.framework.testrunner.sample.Sample_SearchNameRunner -->
    </test> <!-- Default test -->
  </suite> <!-- Default suite -->
</testng-results>
